cpanm (App::cpanminus) 1.7040 on perl 5.026001 built for x86_64-linux-gnu-thread-multi
Work directory is /home/pronoor/gitprep/setup/work/1577253847.21997
You have make /usr/bin/make
You have /usr/bin/wget
You have /bin/tar: tar (GNU tar) 1.29
Copyright (C) 2015 Free Software Foundation, Inc.
License GPLv3+: GNU GPL version 3 or later <http://gnu.org/licenses/gpl.html>.
This is free software: you are free to change and redistribute it.
There is NO WARRANTY, to the extent permitted by law.

Written by John Gilmore and Jay Fenlason.
You have /usr/bin/unzip
Searching ExtUtils::MakeMaker () on cpanmetadb ...
--> Working on ExtUtils::MakeMaker
Fetching http://www.cpan.org/authors/id/B/BI/BINGOS/ExtUtils-MakeMaker-7.42.tar.gz
-> OK
Unpacking ExtUtils-MakeMaker-7.42.tar.gz
Entering ExtUtils-MakeMaker-7.42
Checking configure dependencies from META.json
Configuring ExtUtils-MakeMaker-7.42
Running Makefile.PL
Using included version of ExtUtils::Install (2.06) as it is newer than the installed version (2.04).
Checking if your kit is complete...
Looks good
Generating a Unix-style Makefile
Writing Makefile for ExtUtils::MakeMaker
Writing MYMETA.yml and MYMETA.json
-> OK
Checking dependencies from MYMETA.json ...
Checking if you have Pod::Man 0 ... Yes (4.09)
Checking if you have File::Spec 0.8 ... Yes (3.67)
Checking if you have Data::Dumper 0 ... Yes (2.167)
Checking if you have Encode 0 ... Yes (2.88)
Checking if you have File::Basename 0 ... Yes (2.85)
Building and testing ExtUtils-MakeMaker-7.42
cp inc/ExtUtils/Packlist.pm blib/lib/ExtUtils/Packlist.pm
cp lib/ExtUtils/MakeMaker/Config.pm blib/lib/ExtUtils/MakeMaker/Config.pm
cp lib/ExtUtils/MM_OS2.pm blib/lib/ExtUtils/MM_OS2.pm
cp lib/ExtUtils/MM_Darwin.pm blib/lib/ExtUtils/MM_Darwin.pm
cp lib/ExtUtils/MM_VOS.pm blib/lib/ExtUtils/MM_VOS.pm
cp lib/ExtUtils/MakeMaker/version.pm blib/lib/ExtUtils/MakeMaker/version.pm
cp inc/ExtUtils/Install.pm blib/lib/ExtUtils/Install.pm
cp lib/ExtUtils/Liblist/Kid.pm blib/lib/ExtUtils/Liblist/Kid.pm
cp lib/ExtUtils/MakeMaker/Tutorial.pod blib/lib/ExtUtils/MakeMaker/Tutorial.pod
cp lib/ExtUtils/MM_Cygwin.pm blib/lib/ExtUtils/MM_Cygwin.pm
cp lib/ExtUtils/MM.pm blib/lib/ExtUtils/MM.pm
cp lib/ExtUtils/MakeMaker/FAQ.pod blib/lib/ExtUtils/MakeMaker/FAQ.pod
cp lib/ExtUtils/MM_DOS.pm blib/lib/ExtUtils/MM_DOS.pm
cp lib/ExtUtils/MakeMaker.pm blib/lib/ExtUtils/MakeMaker.pm
cp lib/ExtUtils/MM_VMS.pm blib/lib/ExtUtils/MM_VMS.pm
cp lib/ExtUtils/MakeMaker/Locale.pm blib/lib/ExtUtils/MakeMaker/Locale.pm
cp lib/ExtUtils/MM_BeOS.pm blib/lib/ExtUtils/MM_BeOS.pm
cp lib/ExtUtils/MM_NW5.pm blib/lib/ExtUtils/MM_NW5.pm
cp lib/ExtUtils/MM_UWIN.pm blib/lib/ExtUtils/MM_UWIN.pm
cp lib/ExtUtils/MM_Win95.pm blib/lib/ExtUtils/MM_Win95.pm
cp lib/ExtUtils/MakeMaker/version/vpp.pm blib/lib/ExtUtils/MakeMaker/version/vpp.pm
cp lib/ExtUtils/MakeMaker/version/regex.pm blib/lib/ExtUtils/MakeMaker/version/regex.pm
cp lib/ExtUtils/Mkbootstrap.pm blib/lib/ExtUtils/Mkbootstrap.pm
cp lib/ExtUtils/MM_Unix.pm blib/lib/ExtUtils/MM_Unix.pm
cp lib/ExtUtils/Liblist.pm blib/lib/ExtUtils/Liblist.pm
cp lib/ExtUtils/MM_MacOS.pm blib/lib/ExtUtils/MM_MacOS.pm
cp lib/ExtUtils/MM_Win32.pm blib/lib/ExtUtils/MM_Win32.pm
cp lib/ExtUtils/MM_Any.pm blib/lib/ExtUtils/MM_Any.pm
cp lib/ExtUtils/MM_AIX.pm blib/lib/ExtUtils/MM_AIX.pm
cp lib/ExtUtils/Mksymlists.pm blib/lib/ExtUtils/Mksymlists.pm
cp lib/ExtUtils/Command/MM.pm blib/lib/ExtUtils/Command/MM.pm
cp lib/ExtUtils/testlib.pm blib/lib/ExtUtils/testlib.pm
cp lib/ExtUtils/MM_QNX.pm blib/lib/ExtUtils/MM_QNX.pm
cp lib/ExtUtils/MY.pm blib/lib/ExtUtils/MY.pm
cp lib/ExtUtils/Command.pm blib/lib/ExtUtils/Command.pm
cp inc/ExtUtils/Installed.pm blib/lib/ExtUtils/Installed.pm
cp bin/instmodsh blib/script/instmodsh
"/usr/bin/perl" "-Iblib/arch" "-Iblib/lib" -MExtUtils::MY -e 'MY->fixin(shift)' -- blib/script/instmodsh
PERL_DL_NONLAZY=1 "/usr/bin/perl" "-Iblib/arch" "-Iblib/lib" "-MExtUtils::Command::MM" "-MTest::Harness" "-e" "undef *Test::Harness::Switches; test_harness(0, 'blib/lib', 'blib/arch')" t/*.t
t/00compile.t ............. ok
t/01perl_bugs.t ........... ok
t/02-xsdynamic.t .......... ok
t/03-xsstatic.t ........... skipped: Shared perl library
t/arch_check.t ............ ok
t/backwards.t ............. ok
t/basic.t ................. ok
t/build_man.t ............. ok
t/cd.t .................... ok
t/config.t ................ ok
t/cp.t .................... ok
t/dir_target.t ............ ok
t/echo.t .................. ok
t/eu_command.t ............ ok
t/FIRST_MAKEFILE.t ........ ok
t/fix_libs.t .............. ok
t/fixin.t ................. ok
t/hints.t ................. ok
t/INST.t .................. ok
t/INST_PREFIX.t ........... ok
t/INSTALL_BASE.t .......... ok
t/installed_file.t ........ ok
t/is_of_type.t ............ ok
t/Liblist.t ............... ok
t/Liblist_Kid.t ........... ok
t/make.t .................. ok
t/MakeMaker_Parameters.t .. ok
t/maketext_filter.t ....... ok
t/meta_convert.t .......... ok
t/metafile_data.t ......... ok
t/metafile_file.t ......... ok
t/min_perl_version.t ...... ok
t/miniperl.t .............. skipped: miniperl test only necessary for the perl core
t/Mkbootstrap.t ........... ok
t/MM_Any.t ................ ok
t/MM_BeOS.t ............... skipped: This is not BeOS
t/MM_Cygwin.t ............. skipped: This is not cygwin
t/MM_NW5.t ................ skipped: This is not NW5
t/MM_OS2.t ................ skipped: This is not OS/2
t/MM_Unix.t ............... ok
t/MM_VMS.t ................ skipped: This is not VMS
t/MM_Win32.t .............. skipped: This is not Win32
t/oneliner.t .............. ok
t/os_unsupported.t ........ ok
t/parse_abstract.t ........ ok
t/parse_version.t ......... ok
t/PL_FILES.t .............. ok
t/pm.t .................... ok
t/pm_to_blib.t ............ ok
t/pod2man.t ............... ok
t/postamble.t ............. ok
t/prefixify.t ............. ok
t/prereq.t ................ ok
t/prereq_print.t .......... ok
t/problems.t .............. ok
t/prompt.t ................ ok
t/recurs.t ................ ok
t/revision.t .............. ok
t/several_authors.t ....... ok
t/split_command.t ......... ok
t/test_boilerplate.t ...... ok
t/testlib.t ............... ok
t/unicode.t ............... ok
t/VERSION_FROM.t .......... ok
t/vstrings.t .............. ok
t/WriteEmptyMakefile.t .... ok
t/writemakefile_args.t .... ok
All tests successful.
Files=67, Tests=1395, 72 wallclock secs ( 0.39 usr  0.13 sys + 57.33 cusr  7.31 csys = 65.16 CPU)
Result: PASS
Installing /home/pronoor/gitprep/extlib/lib/perl5/ExtUtils/MM_VMS.pm
Installing /home/pronoor/gitprep/extlib/lib/perl5/ExtUtils/Mkbootstrap.pm
Installing /home/pronoor/gitprep/extlib/lib/perl5/ExtUtils/MM_AIX.pm
Installing /home/pronoor/gitprep/extlib/lib/perl5/ExtUtils/Install.pm
Installing /home/pronoor/gitprep/extlib/lib/perl5/ExtUtils/MM_Any.pm
Installing /home/pronoor/gitprep/extlib/lib/perl5/ExtUtils/MM_QNX.pm
Installing /home/pronoor/gitprep/extlib/lib/perl5/ExtUtils/Command.pm
Installing /home/pronoor/gitprep/extlib/lib/perl5/ExtUtils/MM_NW5.pm
Installing /home/pronoor/gitprep/extlib/lib/perl5/ExtUtils/Mksymlists.pm
Installing /home/pronoor/gitprep/extlib/lib/perl5/ExtUtils/MM_MacOS.pm
Installing /home/pronoor/gitprep/extlib/lib/perl5/ExtUtils/Packlist.pm
Installing /home/pronoor/gitprep/extlib/lib/perl5/ExtUtils/MM_OS2.pm
Installing /home/pronoor/gitprep/extlib/lib/perl5/ExtUtils/MM_UWIN.pm
Installing /home/pronoor/gitprep/extlib/lib/perl5/ExtUtils/MY.pm
Installing /home/pronoor/gitprep/extlib/lib/perl5/ExtUtils/MM.pm
Installing /home/pronoor/gitprep/extlib/lib/perl5/ExtUtils/MM_BeOS.pm
Installing /home/pronoor/gitprep/extlib/lib/perl5/ExtUtils/MM_DOS.pm
Installing /home/pronoor/gitprep/extlib/lib/perl5/ExtUtils/testlib.pm
Installing /home/pronoor/gitprep/extlib/lib/perl5/ExtUtils/Installed.pm
Installing /home/pronoor/gitprep/extlib/lib/perl5/ExtUtils/MM_Win95.pm
Installing /home/pronoor/gitprep/extlib/lib/perl5/ExtUtils/MakeMaker.pm
Installing /home/pronoor/gitprep/extlib/lib/perl5/ExtUtils/MM_Darwin.pm
Installing /home/pronoor/gitprep/extlib/lib/perl5/ExtUtils/Liblist.pm
Installing /home/pronoor/gitprep/extlib/lib/perl5/ExtUtils/MM_Unix.pm
Installing /home/pronoor/gitprep/extlib/lib/perl5/ExtUtils/MM_Cygwin.pm
Installing /home/pronoor/gitprep/extlib/lib/perl5/ExtUtils/MM_Win32.pm
Installing /home/pronoor/gitprep/extlib/lib/perl5/ExtUtils/MM_VOS.pm
Installing /home/pronoor/gitprep/extlib/lib/perl5/ExtUtils/Liblist/Kid.pm
Installing /home/pronoor/gitprep/extlib/lib/perl5/ExtUtils/MakeMaker/version.pm
Installing /home/pronoor/gitprep/extlib/lib/perl5/ExtUtils/MakeMaker/Tutorial.pod
Installing /home/pronoor/gitprep/extlib/lib/perl5/ExtUtils/MakeMaker/Config.pm
Installing /home/pronoor/gitprep/extlib/lib/perl5/ExtUtils/MakeMaker/Locale.pm
Installing /home/pronoor/gitprep/extlib/lib/perl5/ExtUtils/MakeMaker/FAQ.pod
Installing /home/pronoor/gitprep/extlib/lib/perl5/ExtUtils/MakeMaker/version/vpp.pm
Installing /home/pronoor/gitprep/extlib/lib/perl5/ExtUtils/MakeMaker/version/regex.pm
Installing /home/pronoor/gitprep/extlib/lib/perl5/ExtUtils/Command/MM.pm
Installing /home/pronoor/gitprep/extlib/bin/instmodsh
Appending installation info to /home/pronoor/gitprep/extlib/lib/perl5/x86_64-linux-gnu-thread-multi/perllocal.pod
-> OK
Successfully installed ExtUtils-MakeMaker-7.42 (upgraded from 7.24)
Installing /home/pronoor/gitprep/extlib/lib/perl5/x86_64-linux-gnu-thread-multi/.meta/ExtUtils-MakeMaker-7.42/MYMETA.json
Installing /home/pronoor/gitprep/extlib/lib/perl5/x86_64-linux-gnu-thread-multi/.meta/ExtUtils-MakeMaker-7.42/install.json
1 distribution installed
